<?xml version="1.0" encoding="UTF-8"?>
<!-- Generated by org.testng.reporters.JUnitXMLReporter -->
<testsuite ignored="0" hostname="mukta" failures="1" tests="6" name="Test123" time="71.521" errors="0" timestamp="2023-03-23T08:04:50 IST">
  <testcase classname="testNg.TestNg" name="test1" time="0.005"/>
  <testcase classname="testNg.TestNg" name="test2" time="0.003"/>
  <testcase classname="testNg.VerifyAddToCart" name="verifyAddToCart" time="0.004"/>
  <testcase classname="testNg.VerifyAddToCart" name="verifyBuyNow1" time="0.007"/>
  <testcase classname="testNg.VerifyAddToCartBuyNow" name="verifyAddToCart" time="6.362">
    <failure type="java.lang.AssertionError" message="The following asserts failed:
	product not added to cart expected [CEDO Samsung M31 / F41 / M31 Prime Flip Cover | Leather Finish | Inside Pockets &amp;amp; Inbuilt Stand | Shockpr…] but found [CEDO Samsung M31 / F41 / M31 Prime Flip Cover | Leather Finish | Inside Pockets &amp;amp; Inbuilt Stand | Shockproof Wallet Style Magnetic Closure Back Cover Case for Samsung Galaxy M31 / F41 / M31 Prime (Blue)]">
      <![CDATA[java.lang.AssertionError: The following asserts failed:
product not added to cart expected [CEDO Samsung M31 / F41 / M31 Prime Flip Cover | Leather Finish | Inside Pockets & Inbuilt Stand | Shockpr…] but found [CEDO Samsung M31 / F41 / M31 Prime Flip Cover | Leather Finish | Inside Pockets & Inbuilt Stand | Shockproof Wallet Style Magnetic Closure Back Cover Case for Samsung Galaxy M31 / F41 / M31 Prime (Blue)]
at testNg.VerifyAddToCartBuyNow.verifyAddToCart(VerifyAddToCartBuyNow.java:93)
at java.base/java.util.ArrayList.forEach(ArrayList.java:1511)
... Removed 29 stack frames]]>
    </failure>
  </testcase> <!-- verifyAddToCart -->
  <testcase classname="testNg.VerifyAddToCartBuyNow" name="verifyBuyNowPageNoptionsDisplayed" time="13.414"/>
</testsuite> <!-- Test123 -->
